<?xml version="1.0" encoding="UTF-8"?>
<!-- Generated by org.testng.reporters.JUnitXMLReporter -->
<testsuite ignored="0" hostname="iamTEE" failures="0" tests="8" name="Surefire test" time="122.728" errors="0" timestamp="2023-03-25T05:43:45 WAT">
  <testcase classname="KongaOrderingFlowTest" name="UrlTest" time="9.286"/>
  <testcase classname="KongaOrderingFlowTest" name="LoginPageTest" time="5.107"/>
  <testcase classname="KongaOrderingFlowTest" name="SignUpTest" time="5.258"/>
  <testcase classname="KongaOrderingFlowTest" name="CategoryItemsTest" time="15.25"/>
  <testcase classname="KongaOrderingFlowTest" name="CartTest" time="45.402"/>
  <testcase classname="KongaOrderingFlowTest" name="iFrameModalTest" time="22.218"/>
  <testcase classname="KongaOrderingFlowTest" name="NegativeCardDetails" time="9.915"/>
  <testcase classname="KongaOrderingFlowTest" name="iframeTest" time="10.011"/>
</testsuite> <!-- Surefire test -->
