<?xml version="1.0" encoding="UTF-8"?>
<testng-results ignored="0" total="8" passed="8" failed="0" skipped="0">
  <reporter-output>
  </reporter-output>
  <suite started-at="2023-03-25T05:41:42 WAT" name="Surefire suite" finished-at="2023-03-25T05:43:45 WAT" duration-ms="122728">
    <groups>
    </groups>
    <test started-at="2023-03-25T05:41:42 WAT" name="Surefire test" finished-at="2023-03-25T05:43:45 WAT" duration-ms="122728">
      <class name="KongaOrderingFlowTest">
        <test-method is-config="true" signature="SetUp()[pri:0, instance:KongaOrderingFlowTest@70e9c95d]" started-at="2023-03-25T05:41:42 WAT" name="SetUp" finished-at="2023-03-25T05:41:42 WAT" duration-ms="12" status="PASS">
          <reporter-output>
          </reporter-output>
        </test-method> <!-- SetUp -->
        <test-method signature="UrlTest()[pri:0, instance:KongaOrderingFlowTest@70e9c95d]" started-at="2023-03-25T05:41:42 WAT" name="UrlTest" finished-at="2023-03-25T05:41:51 WAT" duration-ms="9286" status="PASS">
          <reporter-output>
          </reporter-output>
        </test-method> <!-- UrlTest -->
        <test-method signature="LoginPageTest()[pri:1, instance:KongaOrderingFlowTest@70e9c95d]" started-at="2023-03-25T05:41:51 WAT" name="LoginPageTest" finished-at="2023-03-25T05:41:56 WAT" duration-ms="5107" status="PASS">
          <reporter-output>
          </reporter-output>
        </test-method> <!-- LoginPageTest -->
        <test-method signature="SignUpTest()[pri:2, instance:KongaOrderingFlowTest@70e9c95d]" started-at="2023-03-25T05:41:56 WAT" name="SignUpTest" finished-at="2023-03-25T05:42:02 WAT" duration-ms="5258" status="PASS">
          <reporter-output>
          </reporter-output>
        </test-method> <!-- SignUpTest -->
        <test-method signature="CategoryItemsTest()[pri:3, instance:KongaOrderingFlowTest@70e9c95d]" started-at="2023-03-25T05:42:02 WAT" name="CategoryItemsTest" finished-at="2023-03-25T05:42:17 WAT" duration-ms="15250" status="PASS">
          <reporter-output>
          </reporter-output>
        </test-method> <!-- CategoryItemsTest -->
        <test-method signature="CartTest()[pri:4, instance:KongaOrderingFlowTest@70e9c95d]" started-at="2023-03-25T05:42:17 WAT" name="CartTest" finished-at="2023-03-25T05:43:02 WAT" duration-ms="45402" status="PASS">
          <reporter-output>
          </reporter-output>
        </test-method> <!-- CartTest -->
        <test-method signature="iFrameModalTest()[pri:5, instance:KongaOrderingFlowTest@70e9c95d]" started-at="2023-03-25T05:43:02 WAT" name="iFrameModalTest" finished-at="2023-03-25T05:43:25 WAT" duration-ms="22218" status="PASS">
          <reporter-output>
          </reporter-output>
        </test-method> <!-- iFrameModalTest -->
        <test-method signature="NegativeCardDetails()[pri:6, instance:KongaOrderingFlowTest@70e9c95d]" started-at="2023-03-25T05:43:25 WAT" name="NegativeCardDetails" finished-at="2023-03-25T05:43:34 WAT" duration-ms="9915" status="PASS">
          <reporter-output>
          </reporter-output>
        </test-method> <!-- NegativeCardDetails -->
        <test-method signature="iframeTest()[pri:7, instance:KongaOrderingFlowTest@70e9c95d]" started-at="2023-03-25T05:43:34 WAT" name="iframeTest" finished-at="2023-03-25T05:43:44 WAT" duration-ms="10011" status="PASS">
          <reporter-output>
          </reporter-output>
        </test-method> <!-- iframeTest -->
        <test-method is-config="true" signature="CloseBrowser()[pri:0, instance:KongaOrderingFlowTest@70e9c95d]" started-at="2023-03-25T05:43:44 WAT" name="CloseBrowser" finished-at="2023-03-25T05:43:45 WAT" duration-ms="188" status="PASS">
          <reporter-output>
          </reporter-output>
        </test-method> <!-- CloseBrowser -->
      </class> <!-- KongaOrderingFlowTest -->
    </test> <!-- Surefire test -->
  </suite> <!-- Surefire suite -->
</testng-results>
